c:\users\alex\documents\visual studio 2013\projects\fsqar\fsqar\release\fsqar.pch
c:\users\alex\documents\visual studio 2013\projects\fsqar\fsqar\release\vc120.pdb
c:\users\alex\documents\visual studio 2013\projects\fsqar\fsqar\release\stdafx.obj
c:\users\alex\documents\visual studio 2013\projects\fsqar\fsqar\release\simclientoptions.obj
c:\users\alex\documents\visual studio 2013\projects\fsqar\fsqar\release\simclient.obj
c:\users\alex\documents\visual studio 2013\projects\fsqar\fsqar\release\sdisplay.obj
c:\users\alex\documents\visual studio 2013\projects\fsqar\fsqar\release\scexport.obj
c:\users\alex\documents\visual studio 2013\projects\fsqar\fsqar\release\regutils.obj
c:\users\alex\documents\visual studio 2013\projects\fsqar\fsqar\release\registry.obj
c:\users\alex\documents\visual studio 2013\projects\fsqar\fsqar\release\qarapp.obj
c:\users\alex\documents\visual studio 2013\projects\fsqar\fsqar\release\output.obj
c:\users\alex\documents\visual studio 2013\projects\fsqar\fsqar\release\outfolderdialog.obj
c:\users\alex\documents\visual studio 2013\projects\fsqar\fsqar\release\ndisplay.obj
c:\users\alex\documents\visual studio 2013\projects\fsqar\fsqar\release\myvalidobject.obj
c:\users\alex\documents\visual studio 2013\projects\fsqar\fsqar\release\mydebug.obj
c:\users\alex\documents\visual studio 2013\projects\fsqar\fsqar\release\globfunc.obj
c:\users\alex\documents\visual studio 2013\projects\fsqar\fsqar\release\gdisplay.obj
c:\users\alex\documents\visual studio 2013\projects\fsqar\fsqar\release\framewnd.obj
c:\users\alex\documents\visual studio 2013\projects\fsqar\fsqar\release\fileoutput.obj
c:\users\alex\documents\visual studio 2013\projects\fsqar\fsqar\release\favordlg.obj
c:\users\alex\documents\visual studio 2013\projects\fsqar\fsqar\release\controlpad.obj
c:\users\alex\documents\visual studio 2013\projects\fsqar\fsqar\release\bitmapfile.obj
c:\users\alex\documents\visual studio 2013\projects\fsqar\fsqar\release\aboutgpl.obj
c:\users\alex\documents\visual studio 2013\projects\fsqar\fsqar\release\zipimpl.obj
c:\users\alex\documents\visual studio 2013\projects\fsqar\fsqar\release\wndcore.obj
c:\users\alex\documents\visual studio 2013\projects\fsqar\fsqar\release\winmain.obj
c:\users\alex\documents\visual studio 2013\projects\fsqar\fsqar\release\validadd.obj
c:\users\alex\documents\visual studio 2013\projects\fsqar\fsqar\release\toolbar.obj
c:\users\alex\documents\visual studio 2013\projects\fsqar\fsqar\release\tabwindow.obj
c:\users\alex\documents\visual studio 2013\projects\fsqar\fsqar\release\statusbar.obj
c:\users\alex\documents\visual studio 2013\projects\fsqar\fsqar\release\simthread.obj
c:\users\alex\documents\visual studio 2013\projects\fsqar\fsqar\release\simoutput.obj
c:\users\alex\documents\visual studio 2013\projects\fsqar\fsqar\release\simoptiondlg.obj
c:\users\alex\documents\visual studio 2013\projects\fsqar\fsqar\release\simexcept.obj
c:\users\alex\documents\visual studio 2013\projects\fsqar\fsqar\release\simdispatch.obj
c:\users\alex\documents\visual studio 2013\projects\fsqar\fsqar\release\simdata.obj
c:\users\alex\documents\visual studio 2013\projects\fsqar\release\fsqar.exe
c:\users\alex\documents\visual studio 2013\projects\fsqar\release\fsqar.pdb
c:\users\alex\documents\visual studio 2013\projects\fsqar\fsqar\release\fsx_qar.res
c:\users\alex\documents\visual studio 2013\projects\fsqar\fsqar\release\simvarstring.res
c:\users\alex\documents\visual studio 2013\projects\fsqar\fsqar\release\fsqar.tlog\cl.command.1.tlog
c:\users\alex\documents\visual studio 2013\projects\fsqar\fsqar\release\fsqar.tlog\cl.read.1.tlog
c:\users\alex\documents\visual studio 2013\projects\fsqar\fsqar\release\fsqar.tlog\cl.write.1.tlog
c:\users\alex\documents\visual studio 2013\projects\fsqar\fsqar\release\fsqar.tlog\link.command.1.tlog
c:\users\alex\documents\visual studio 2013\projects\fsqar\fsqar\release\fsqar.tlog\link.read.1.tlog
c:\users\alex\documents\visual studio 2013\projects\fsqar\fsqar\release\fsqar.tlog\link.write.1.tlog
c:\users\alex\documents\visual studio 2013\projects\fsqar\fsqar\release\fsqar.tlog\rc.command.1.tlog
c:\users\alex\documents\visual studio 2013\projects\fsqar\fsqar\release\fsqar.tlog\rc.read.1.tlog
c:\users\alex\documents\visual studio 2013\projects\fsqar\fsqar\release\fsqar.tlog\rc.write.1.tlog
