Microsoft HTML Help Compiler 4.74.8702

Compiling c:\Users\alex\Documents\NewHelpFile\FSQAR.chm


Compile time: 0 minutes, 0 seconds
0	Topics
0	Local links
0	Internet links
0	Graphics


Created c:\Users\alex\Documents\NewHelpFile\FSQAR.chm, 10,182 bytes
Compression increased file by 10,182 bytes.
Microsoft HTML Help Compiler 4.74.8702

Compiling c:\Users\alex\Documents\NewHelpFile\FSQAR.chm


Compile time: 0 minutes, 0 seconds
11	Topics
18	Local links
0	Internet links
0	Graphics


Created c:\Users\alex\Documents\NewHelpFile\FSQAR.chm, 15,136 bytes
Compression increased file by 575 bytes.
Microsoft HTML Help Compiler 4.74.8702

Compiling c:\Users\alex\Documents\NewHelpFile\FSQAR.chm

HHC4006: Warning: The file "What is FSQAR.htm" is already listed in the [FILES] section of the project file.

Compile time: 0 minutes, 0 seconds
11	Topics
18	Local links
0	Internet links
0	Graphics


Created c:\Users\alex\Documents\NewHelpFile\FSQAR.chm, 15,140 bytes
Compression increased file by 579 bytes.
Microsoft HTML Help Compiler 4.74.8702

Compiling c:\Users\alex\Documents\NewHelpFile\FSQAR.chm

HHC4006: Warning: The file "What is FSQAR.htm" is already listed in the [FILES] section of the project file.

Compile time: 0 minutes, 0 seconds
11	Topics
18	Local links
0	Internet links
0	Graphics


Created c:\Users\alex\Documents\NewHelpFile\FSQAR.chm, 15,140 bytes
Compression increased file by 579 bytes.
Microsoft HTML Help Compiler 4.74.8702

Compiling c:\Users\alex\Documents\NewHelpFile\FSQAR.chm

HHC4006: Warning: The file "What is FSQAR.htm" is already listed in the [FILES] section of the project file.

Compile time: 0 minutes, 1 second
11	Topics
18	Local links
0	Internet links
0	Graphics


Created c:\Users\alex\Documents\NewHelpFile\FSQAR.chm, 15,172 bytes
Compression increased file by 408 bytes.
