c:\users\alex\documents\visual studio 2013\projects\fsqar\fsqar\debug\fsqar.pch
c:\users\alex\documents\visual studio 2013\projects\fsqar\fsqar\debug\vc120.pdb
c:\users\alex\documents\visual studio 2013\projects\fsqar\fsqar\debug\vc120.idb
c:\users\alex\documents\visual studio 2013\projects\fsqar\fsqar\debug\stdafx.obj
c:\users\alex\documents\visual studio 2013\projects\fsqar\fsqar\debug\qarapp.obj
c:\users\alex\documents\visual studio 2013\projects\fsqar\fsqar\debug\registry.obj
c:\users\alex\documents\visual studio 2013\projects\fsqar\fsqar\debug\regutils.obj
c:\users\alex\documents\visual studio 2013\projects\fsqar\fsqar\debug\scexport.obj
c:\users\alex\documents\visual studio 2013\projects\fsqar\fsqar\debug\sdisplay.obj
c:\users\alex\documents\visual studio 2013\projects\fsqar\fsqar\debug\simclient.obj
c:\users\alex\documents\visual studio 2013\projects\fsqar\fsqar\debug\simclientoptions.obj
c:\users\alex\documents\visual studio 2013\projects\fsqar\fsqar\debug\simdata.obj
c:\users\alex\documents\visual studio 2013\projects\fsqar\fsqar\debug\simdispatch.obj
c:\users\alex\documents\visual studio 2013\projects\fsqar\fsqar\debug\simexcept.obj
c:\users\alex\documents\visual studio 2013\projects\fsqar\fsqar\debug\simoptiondlg.obj
c:\users\alex\documents\visual studio 2013\projects\fsqar\fsqar\debug\simoutput.obj
c:\users\alex\documents\visual studio 2013\projects\fsqar\fsqar\debug\simthread.obj
c:\users\alex\documents\visual studio 2013\projects\fsqar\fsqar\debug\statusbar.obj
c:\users\alex\documents\visual studio 2013\projects\fsqar\fsqar\debug\tabwindow.obj
c:\users\alex\documents\visual studio 2013\projects\fsqar\fsqar\debug\toolbar.obj
c:\users\alex\documents\visual studio 2013\projects\fsqar\fsqar\debug\validadd.obj
c:\users\alex\documents\visual studio 2013\projects\fsqar\fsqar\debug\winmain.obj
c:\users\alex\documents\visual studio 2013\projects\fsqar\fsqar\debug\wndcore.obj
c:\users\alex\documents\visual studio 2013\projects\fsqar\fsqar\debug\zipimpl.obj
c:\users\alex\documents\visual studio 2013\projects\fsqar\fsqar\debug\aboutgpl.obj
c:\users\alex\documents\visual studio 2013\projects\fsqar\fsqar\debug\bitmapfile.obj
c:\users\alex\documents\visual studio 2013\projects\fsqar\fsqar\debug\controlpad.obj
c:\users\alex\documents\visual studio 2013\projects\fsqar\fsqar\debug\favordlg.obj
c:\users\alex\documents\visual studio 2013\projects\fsqar\fsqar\debug\fileoutput.obj
c:\users\alex\documents\visual studio 2013\projects\fsqar\fsqar\debug\framewnd.obj
c:\users\alex\documents\visual studio 2013\projects\fsqar\fsqar\debug\gdisplay.obj
c:\users\alex\documents\visual studio 2013\projects\fsqar\fsqar\debug\globfunc.obj
c:\users\alex\documents\visual studio 2013\projects\fsqar\fsqar\debug\mydebug.obj
c:\users\alex\documents\visual studio 2013\projects\fsqar\fsqar\debug\myvalidobject.obj
c:\users\alex\documents\visual studio 2013\projects\fsqar\fsqar\debug\ndisplay.obj
c:\users\alex\documents\visual studio 2013\projects\fsqar\fsqar\debug\outfolderdialog.obj
c:\users\alex\documents\visual studio 2013\projects\fsqar\fsqar\debug\output.obj
c:\users\alex\documents\visual studio 2013\projects\fsqar\debug\fsqar.ilk
c:\users\alex\documents\visual studio 2013\projects\fsqar\debug\fsqar.exe
c:\users\alex\documents\visual studio 2013\projects\fsqar\debug\fsqar.pdb
c:\users\alex\documents\visual studio 2013\projects\fsqar\fsqar\debug\simvarstring.res
c:\users\alex\documents\visual studio 2013\projects\fsqar\fsqar\debug\fsqar.exe.embed.manifest.res
c:\users\alex\documents\visual studio 2013\projects\fsqar\fsqar\debug\fsx_qar.res
c:\users\alex\documents\visual studio 2013\projects\fsqar\fsqar\debug\fsqar.exe.embed.manifest
c:\users\alex\documents\visual studio 2013\projects\fsqar\fsqar\debug\fsqar_manifest.rc
c:\users\alex\documents\visual studio 2013\projects\fsqar\fsqar\debug\fsqar.tlog\cl.command.1.tlog
c:\users\alex\documents\visual studio 2013\projects\fsqar\fsqar\debug\fsqar.tlog\cl.read.1.tlog
c:\users\alex\documents\visual studio 2013\projects\fsqar\fsqar\debug\fsqar.tlog\cl.write.1.tlog
c:\users\alex\documents\visual studio 2013\projects\fsqar\fsqar\debug\fsqar.tlog\link.command.1.tlog
c:\users\alex\documents\visual studio 2013\projects\fsqar\fsqar\debug\fsqar.tlog\link.read.1.tlog
c:\users\alex\documents\visual studio 2013\projects\fsqar\fsqar\debug\fsqar.tlog\link.write.1.tlog
c:\users\alex\documents\visual studio 2013\projects\fsqar\fsqar\debug\fsqar.tlog\rc.command.1.tlog
c:\users\alex\documents\visual studio 2013\projects\fsqar\fsqar\debug\fsqar.tlog\rc.read.1.tlog
c:\users\alex\documents\visual studio 2013\projects\fsqar\fsqar\debug\fsqar.tlog\rc.write.1.tlog
